Log file open, 08/11/19 17:17:03
LogWindows: Failed to load 'aqProf.dll' (GetLastError=126)
LogWindows: File 'aqProf.dll' does not exist
LogWindows: Failed to load 'VtuneApi.dll' (GetLastError=126)
LogWindows: File 'VtuneApi.dll' does not exist
LogWindows: Failed to load 'VtuneApi32e.dll' (GetLastError=126)
LogWindows: File 'VtuneApi32e.dll' does not exist
LogConsoleResponse: Display: Failed to find resolution value strings in scalability ini. Falling back to default.
LogInit: Display: Running engine for game: MyProject
LogPakFile: Registered encryption key '00000000000000000000000000000000': 0 pak files mounted, 0 remain pending
LogPlatformFile: Not using cached read wrapper
LogTaskGraph: Started task graph with 5 named threads and 23 total threads with 3 sets of task threads.
LogStats: Stats thread started at 0.579218
LogD3D11RHI: Loaded GFSDK_Aftermath_Lib.x64.dll
LogICUInternationalization: ICU TimeZone Detection - Raw Offset: -3:00, Platform Override: ''
LogPluginManager: Mounting plugin Paper2D
LogPluginManager: Mounting plugin AISupport
LogPluginManager: Mounting plugin LightPropagationVolume
LogPluginManager: Mounting plugin ActorLayerUtilities
LogPluginManager: Mounting plugin AnimationSharing
LogPluginManager: Mounting plugin CLionSourceCodeAccess
LogPluginManager: Mounting plugin CodeLiteSourceCodeAccess
LogPluginManager: Mounting plugin GitSourceControl
LogPluginManager: Mounting plugin KDevelopSourceCodeAccess
LogPluginManager: Mounting plugin NullSourceCodeAccess
LogPluginManager: Mounting plugin PerforceSourceControl
LogPluginManager: Mounting plugin SubversionSourceControl
LogPluginManager: Mounting plugin UObjectPlugin
LogPluginManager: Mounting plugin VisualStudioCodeSourceCodeAccess
LogPluginManager: Mounting plugin VisualStudioSourceCodeAccess
LogPluginManager: Mounting plugin XCodeSourceCodeAccess
LogPluginManager: Mounting plugin AssetManagerEditor
LogPluginManager: Mounting plugin CryptoKeys
LogPluginManager: Mounting plugin DataValidation
LogPluginManager: Mounting plugin FacialAnimation
LogPluginManager: Mounting plugin GameplayTagsEditor
LogPluginManager: Mounting plugin MacGraphicsSwitching
LogPluginManager: Mounting plugin MaterialAnalyzer
LogPluginManager: Mounting plugin MobileLauncherProfileWizard
LogPluginManager: Mounting plugin PluginBrowser
LogPluginManager: Mounting plugin SpeedTreeImporter
LogPluginManager: Mounting plugin DatasmithContent
LogPluginManager: Mounting plugin VariantManagerContent
LogPluginManager: Mounting plugin AlembicImporter
LogPluginManager: Mounting plugin AppleImageUtils
LogPluginManager: Mounting plugin AppleVision
LogPluginManager: Mounting plugin BackChannel
LogPluginManager: Mounting plugin CharacterAI
LogPluginManager: Mounting plugin GeometryCache
LogPluginManager: Mounting plugin HTML5Networking
LogPluginManager: Mounting plugin ProxyLODPlugin
LogPluginManager: Mounting plugin SkeletalReduction
LogPluginManager: Mounting plugin MagicLeap
LogPluginManager: Mounting plugin MagicLeapMedia
LogPluginManager: Mounting plugin AndroidMedia
LogPluginManager: Mounting plugin AvfMedia
LogPluginManager: Mounting plugin ImgMedia
LogPluginManager: Mounting plugin LinearTimecode
LogPluginManager: Mounting plugin MediaCompositing
LogPluginManager: Mounting plugin MediaPlayerEditor
LogPluginManager: Mounting plugin WebMMedia
LogPluginManager: Mounting plugin WmfMedia
LogPluginManager: Mounting plugin TcpMessaging
LogPluginManager: Mounting plugin UdpMessaging
LogPluginManager: Mounting plugin ActorSequence
LogPluginManager: Mounting plugin LevelSequenceEditor
LogPluginManager: Mounting plugin MatineeToLevelSequence
LogPluginManager: Mounting plugin NetcodeUnitTest
LogPluginManager: Mounting plugin NUTUnrealEngine4
LogPluginManager: Mounting plugin OnlineSubsystemGooglePlay
LogPluginManager: Mounting plugin OnlineSubsystemIOS
LogPluginManager: Mounting plugin OnlineSubsystem
LogPluginManager: Mounting plugin OnlineSubsystemNull
LogPluginManager: Mounting plugin OnlineSubsystemUtils
LogPluginManager: Mounting plugin LauncherChunkInstaller
LogPluginManager: Mounting plugin AndroidDeviceProfileSelector
LogPluginManager: Mounting plugin AndroidMoviePlayer
LogPluginManager: Mounting plugin AndroidPermission
LogPluginManager: Mounting plugin AppleMoviePlayer
LogPluginManager: Mounting plugin ArchVisCharacter
LogPluginManager: Mounting plugin AudioCapture
LogPluginManager: Mounting plugin CableComponent
LogPluginManager: Mounting plugin CustomMeshComponent
LogPluginManager: Mounting plugin EditableMesh
LogPluginManager: Mounting plugin ExampleDeviceProfileSelector
LogPluginManager: Mounting plugin Firebase
LogPluginManager: Mounting plugin GoogleCloudMessaging
LogPluginManager: Mounting plugin IOSDeviceProfileSelector
LogPluginManager: Mounting plugin LinuxDeviceProfileSelector
LogPluginManager: Mounting plugin LocationServicesBPLibrary
LogPluginManager: Mounting plugin MobilePatchingUtils
LogPluginManager: Mounting plugin OculusVR
LogPluginManager: Mounting plugin PhysXVehicles
LogPluginManager: Mounting plugin ProceduralMeshComponent
LogPluginManager: Mounting plugin RuntimePhysXCooking
LogPluginManager: Mounting plugin SignificanceManager
LogPluginManager: Mounting plugin SteamVR
LogPluginManager: Mounting plugin WebMMoviePlayer
LogPluginManager: Mounting plugin WindowsMoviePlayer
LogInit: Using libcurl 7.55.1-DEV
LogInit:  - built for x86_64-pc-win32
LogInit:  - supports SSL with OpenSSL/1.1.1
LogInit:  - supports HTTP deflate (compression) using libz 1.2.8
LogInit:  - other features:
LogInit:      CURL_VERSION_SSL
LogInit:      CURL_VERSION_LIBZ
LogInit:      CURL_VERSION_IPV6
LogInit:      CURL_VERSION_ASYNCHDNS
LogInit:      CURL_VERSION_LARGEFILE
LogInit:      CURL_VERSION_IDN
LogInit:  CurlRequestOptions (configurable via config and command line):
LogInit:  - bVerifyPeer = true  - Libcurl will verify peer certificate
LogInit:  - bUseHttpProxy = false  - Libcurl will NOT use HTTP proxy
LogInit:  - bDontReuseConnections = false  - Libcurl will reuse connections
LogInit:  - MaxHostConnections = 16  - Libcurl will limit the number of connections to a host
LogInit:  - LocalHostAddr = Default
LogInit:  - BufferSize = 65536
LogInit: WinSock: version 1.1 (2.2), MaxSocks=32767, MaxUdp=65467
LogInit: Build: ++UE4+Release-4.22-CL-7053642
LogInit: Engine Version: 4.22.3-7053642+++UE4+Release-4.22
LogInit: Compatible Engine Version: 4.22.0-5660361+++UE4+Release-4.22
LogInit: Net CL: 5660361
LogInit: OS: Windows 10 (Release 1803) (), CPU:         Intel(R) Core(TM) i7-3770 CPU @ 3.40GHz, GPU: NVIDIA GeForce GTX 1060 6GB
LogInit: Compiled (64-bit): Jun 18 2019 03:09:11
LogInit: Compiled with Visual C++: 19.16.27025.01
LogInit: Build Configuration: Development
LogInit: Branch Name: ++UE4+Release-4.22
LogInit: Command Line:  -skipcompile
LogInit: Base Directory: C:/Program Files/Epic Games/UE_4.22/Engine/Binaries/Win64/
LogInit: Installed Engine Build: 1
LogDevObjectVersion: Number of dev versions registered: 23
LogDevObjectVersion:   Dev-Blueprints (B0D832E4-1F89-4F0D-ACCF-7EB736FD4AA2): 10
LogDevObjectVersion:   Dev-Build (E1C64328-A22C-4D53-A36C-8E866417BD8C): 0
LogDevObjectVersion:   Dev-Core (375EC13C-06E4-48FB-B500-84F0262A717E): 3
LogDevObjectVersion:   Dev-Editor (E4B068ED-F494-42E9-A231-DA0B2E46BB41): 30
LogDevObjectVersion:   Dev-Framework (CFFC743F-43B0-4480-9391-14DF171D2073): 35
LogDevObjectVersion:   Dev-Mobile (B02B49B5-BB20-44E9-A304-32B752E40360): 2
LogDevObjectVersion:   Dev-Networking (A4E4105C-59A1-49B5-A7C5-40C4547EDFEE): 0
LogDevObjectVersion:   Dev-Online (39C831C9-5AE6-47DC-9A44-9C173E1C8E7C): 0
LogDevObjectVersion:   Dev-Physics (78F01B33-EBEA-4F98-B9B4-84EACCB95AA2): 0
LogDevObjectVersion:   Dev-Platform (6631380F-2D4D-43E0-8009-CF276956A95A): 0
LogDevObjectVersion:   Dev-Rendering (12F88B9F-8875-4AFC-A67C-D90C383ABD29): 28
LogDevObjectVersion:   Dev-Sequencer (7B5AE74C-D270-4C10-A958-57980B212A5A): 11
LogDevObjectVersion:   Dev-VR (D7296918-1DD6-4BDD-9DE2-64A83CC13884): 2
LogDevObjectVersion:   Dev-LoadTimes (C2A15278-BFE7-4AFE-6C17-90FF531DF755): 1
LogDevObjectVersion:   Private-Geometry (6EACA3D4-40EC-4CC1-B786-8BED09428FC5): 3
LogDevObjectVersion:   Dev-AnimPhys (29E575DD-E0A3-4627-9D10-D276232CDCEA): 17
LogDevObjectVersion:   Dev-Anim (AF43A65D-7FD3-4947-9873-3E8ED9C1BB05): 2
LogDevObjectVersion:   Dev-ReflectionCapture (6B266CEC-1EC7-4B8F-A30B-E4D90942FC07): 1
LogDevObjectVersion:   Dev-Automation (0DF73D61-A23F-47EA-B727-89E90C41499A): 1
LogDevObjectVersion:   FortniteMain (601D1886-AC64-4F84-AA16-D3DE0DEAC7D6): 25
LogDevObjectVersion:   Dev-Enterprise (9DFFBCD6-494F-0158-E221-12823C92A888): 6
LogDevObjectVersion:   Dev-Niagara (F2AED0AC-9AFE-416F-8664-AA7FFA26D6FC): 1
LogDevObjectVersion:   Dev-Destruction (174F1F0B-B4C6-45A5-B13F-2EE8D0FB917D): 2
LogInit: Presizing for max 16777216 objects, including 0 objects not considered by GC, pre-allocating 0 bytes for permanent pool.
LogInit: Object subsystem initialized
LogConfig: Setting CVar [[con.DebugEarlyDefault:1]]
LogConfig: Setting CVar [[r.setres:1280x720]]
[2019.08.11-20.17.03:918][  0]LogConfig: Setting CVar [[r.VSync:0]]
[2019.08.11-20.17.03:918][  0]LogConfig: Setting CVar [[r.RHICmdBypass:0]]
[2019.08.11-20.17.03:918][  0]LogConfig: Applying CVar settings from Section [/Script/Engine.RendererSettings] File [C:/Users/Alexandre/Documents/GitHub/UnrealCourse/MyProject/Saved/Config/Windows/Engine.ini]
[2019.08.11-20.17.03:918][  0]LogConfig: Setting CVar [[r.GPUCrashDebugging:0]]
[2019.08.11-20.17.03:918][  0]LogConfig: Setting CVar [[r.DefaultFeature.AutoExposure.ExtendDefaultLuminanceRange:1]]
[2019.08.11-20.17.03:918][  0]LogConfig: Applying CVar settings from Section [/Script/Engine.RendererOverrideSettings] File [C:/Users/Alexandre/Documents/GitHub/UnrealCourse/MyProject/Saved/Config/Windows/Engine.ini]
[2019.08.11-20.17.03:919][  0]LogConfig: Applying CVar settings from Section [/Script/Engine.StreamingSettings] File [C:/Users/Alexandre/Documents/GitHub/UnrealCourse/MyProject/Saved/Config/Windows/Engine.ini]
[2019.08.11-20.17.03:919][  0]LogConfig: Setting CVar [[s.MinBulkDataSizeForAsyncLoading:131072]]
[2019.08.11-20.17.03:919][  0]LogConfig: Setting CVar [[s.AsyncLoadingThreadEnabled:0]]
[2019.08.11-20.17.03:919][  0]LogConfig: Setting CVar [[s.EventDrivenLoaderEnabled:1]]
[2019.08.11-20.17.03:919][  0]LogConfig: Setting CVar [[s.WarnIfTimeLimitExceeded:0]]
[2019.08.11-20.17.03:919][  0]LogConfig: Setting CVar [[s.TimeLimitExceededMultiplier:1.5]]
[2019.08.11-20.17.03:919][  0]LogConfig: Setting CVar [[s.TimeLimitExceededMinTime:0.005]]
[2019.08.11-20.17.03:919][  0]LogConfig: Setting CVar [[s.UseBackgroundLevelStreaming:1]]
[2019.08.11-20.17.03:919][  0]LogConfig: Setting CVar [[s.PriorityAsyncLoadingExtraTime:15.0]]
[2019.08.11-20.17.03:919][  0]LogConfig: Setting CVar [[s.LevelStreamingActorsUpdateTimeLimit:5.0]]
[2019.08.11-20.17.03:919][  0]LogConfig: Setting CVar [[s.PriorityLevelStreamingActorsUpdateExtraTime:5.0]]
[2019.08.11-20.17.03:919][  0]LogConfig: Setting CVar [[s.LevelStreamingComponentsRegistrationGranularity:10]]
[2019.08.11-20.17.03:919][  0]LogConfig: Setting CVar [[s.UnregisterComponentsTimeLimit:1.0]]
[2019.08.11-20.17.03:919][  0]LogConfig: Setting CVar [[s.LevelStreamingComponentsUnregistrationGranularity:5]]
[2019.08.11-20.17.03:920][  0]LogConfig: Applying CVar settings from Section [/Script/Engine.GarbageCollectionSettings] File [C:/Users/Alexandre/Documents/GitHub/UnrealCourse/MyProject/Saved/Config/Windows/Engine.ini]
[2019.08.11-20.17.03:920][  0]LogConfig: Setting CVar [[gc.MaxObjectsNotConsideredByGC:1]]
[2019.08.11-20.17.03:920][  0]LogConfig: Setting CVar [[gc.SizeOfPermanentObjectPool:0]]
[2019.08.11-20.17.03:920][  0]LogConfig: Setting CVar [[gc.FlushStreamingOnGC:0]]
[2019.08.11-20.17.03:920][  0]LogConfig: Setting CVar [[gc.NumRetriesBeforeForcingGC:10]]
[2019.08.11-20.17.03:920][  0]LogConfig: Setting CVar [[gc.AllowParallelGC:1]]
[2019.08.11-20.17.03:920][  0]LogConfig: Setting CVar [[gc.TimeBetweenPurgingPendingKillObjects:61.1]]
[2019.08.11-20.17.03:920][  0]LogConfig: Setting CVar [[gc.MaxObjectsInEditor:16777216]]
[2019.08.11-20.17.03:920][  0]LogConfig: Setting CVar [[gc.IncrementalBeginDestroyEnabled:1]]
[2019.08.11-20.17.03:920][  0]LogConfig: Setting CVar [[gc.CreateGCClusters:1]]
[2019.08.11-20.17.03:920][  0]LogConfig: Setting CVar [[gc.MinGCClusterSize:5]]
[2019.08.11-20.17.03:920][  0]LogConfig: Setting CVar [[gc.ActorClusteringEnabled:0]]
[2019.08.11-20.17.03:920][  0]LogConfig: Setting CVar [[gc.BlueprintClusteringEnabled:0]]
[2019.08.11-20.17.03:920][  0]LogConfig: Setting CVar [[gc.UseDisregardForGCOnDedicatedServers:0]]
[2019.08.11-20.17.03:920][  0]LogConfig: Applying CVar settings from Section [/Script/Engine.NetworkSettings] File [C:/Users/Alexandre/Documents/GitHub/UnrealCourse/MyProject/Saved/Config/Windows/Engine.ini]
[2019.08.11-20.17.03:921][  0]LogConfig: Applying CVar settings from Section [/Script/UnrealEd.CookerSettings] File [C:/Users/Alexandre/Documents/GitHub/UnrealCourse/MyProject/Saved/Config/Windows/Engine.ini]
[2019.08.11-20.17.03:932][  0]LogConfig: Applying CVar settings from Section [ViewDistanceQuality@3] File [C:/Users/Alexandre/Documents/GitHub/UnrealCourse/MyProject/Saved/Config/Windows/Scalability.ini]
[2019.08.11-20.17.03:932][  0]LogConfig: Setting CVar [[r.SkeletalMeshLODBias:0]]
[2019.08.11-20.17.03:932][  0]LogConfig: Setting CVar [[r.ViewDistanceScale:1.0]]
[2019.08.11-20.17.03:932][  0]LogConfig: Applying CVar settings from Section [AntiAliasingQuality@3] File [C:/Users/Alexandre/Documents/GitHub/UnrealCourse/MyProject/Saved/Config/Windows/Scalability.ini]
[2019.08.11-20.17.03:932][  0]LogConfig: Setting CVar [[r.PostProcessAAQuality:4]]
[2019.08.11-20.17.03:932][  0]LogConfig: Applying CVar settings from Section [ShadowQuality@3] File [C:/Users/Alexandre/Documents/GitHub/UnrealCourse/MyProject/Saved/Config/Windows/Scalability.ini]
[2019.08.11-20.17.03:932][  0]LogConfig: Setting CVar [[r.LightFunctionQuality:1]]
[2019.08.11-20.17.03:932][  0]LogConfig: Setting CVar [[r.ShadowQuality:5]]
[2019.08.11-20.17.03:932][  0]LogConfig: Setting CVar [[r.Shadow.CSM.MaxCascades:10]]
[2019.08.11-20.17.03:932][  0]LogConfig: Setting CVar [[r.Shadow.MaxResolution:2048]]
[2019.08.11-20.17.03:932][  0]LogConfig: Setting CVar [[r.Shadow.MaxCSMResolution:2048]]
[2019.08.11-20.17.03:932][  0]LogConfig: Setting CVar [[r.Shadow.RadiusThreshold:0.01]]
[2019.08.11-20.17.03:933][  0]LogConfig: Setting CVar [[r.Shadow.DistanceScale:1.0]]
[2019.08.11-20.17.03:933][  0]LogConfig: Setting CVar [[r.Shadow.CSM.TransitionScale:1.0]]
[2019.08.11-20.17.03:933][  0]LogConfig: Setting CVar [[r.Shadow.PreShadowResolutionFactor:1.0]]
[2019.08.11-20.17.03:933][  0]LogConfig: Setting CVar [[r.DistanceFieldShadowing:1]]
[2019.08.11-20.17.03:933][  0]LogConfig: Setting CVar [[r.DistanceFieldAO:1]]
[2019.08.11-20.17.03:933][  0]LogConfig: Setting CVar [[r.AOQuality:2]]
[2019.08.11-20.17.03:933][  0]LogConfig: Setting CVar [[r.VolumetricFog:1]]
[2019.08.11-20.17.03:933][  0]LogConfig: Setting CVar [[r.VolumetricFog.GridPixelSize:8]]
[2019.08.11-20.17.03:933][  0]LogConfig: Setting CVar [[r.VolumetricFog.GridSizeZ:128]]
[2019.08.11-20.17.03:933][  0]LogConfig: Setting CVar [[r.VolumetricFog.HistoryMissSupersampleCount:4]]
[2019.08.11-20.17.03:933][  0]LogConfig: Setting CVar [[r.LightMaxDrawDistanceScale:1]]
[2019.08.11-20.17.03:934][  0]LogConfig: Setting CVar [[r.CapsuleShadows:1]]
[2019.08.11-20.17.03:934][  0]LogConfig: Applying CVar settings from Section [PostProcessQuality@3] File [C:/Users/Alexandre/Documents/GitHub/UnrealCourse/MyProject/Saved/Config/Windows/Scalability.ini]
[2019.08.11-20.17.03:934][  0]LogConfig: Setting CVar [[r.MotionBlurQuality:4]]
[2019.08.11-20.17.03:934][  0]LogConfig: Setting CVar [[r.AmbientOcclusionMipLevelFactor:0.4]]
[2019.08.11-20.17.03:934][  0]LogConfig: Setting CVar [[r.AmbientOcclusionMaxQuality:100]]
[2019.08.11-20.17.03:934][  0]LogConfig: Setting CVar [[r.AmbientOcclusionLevels:-1]]
[2019.08.11-20.17.03:934][  0]LogConfig: Setting CVar [[r.AmbientOcclusionRadiusScale:1.0]]
[2019.08.11-20.17.03:934][  0]LogConfig: Setting CVar [[r.DepthOfFieldQuality:2]]
[2019.08.11-20.17.03:934][  0]LogConfig: Setting CVar [[r.RenderTargetPoolMin:400]]
[2019.08.11-20.17.03:934][  0]LogConfig: Setting CVar [[r.LensFlareQuality:2]]
[2019.08.11-20.17.03:934][  0]LogConfig: Setting CVar [[r.SceneColorFringeQuality:1]]
[2019.08.11-20.17.03:934][  0]LogConfig: Setting CVar [[r.EyeAdaptationQuality:2]]
[2019.08.11-20.17.03:934][  0]LogConfig: Setting CVar [[r.BloomQuality:5]]
[2019.08.11-20.17.03:934][  0]LogConfig: Setting CVar [[r.FastBlurThreshold:100]]
[2019.08.11-20.17.03:934][  0]LogConfig: Setting CVar [[r.Upscale.Quality:3]]
[2019.08.11-20.17.03:935][  0]LogConfig: Setting CVar [[r.Tonemapper.GrainQuantization:1]]
[2019.08.11-20.17.03:935][  0]LogConfig: Setting CVar [[r.LightShaftQuality:1]]
[2019.08.11-20.17.03:935][  0]LogConfig: Setting CVar [[r.Filter.SizeScale:1]]
[2019.08.11-20.17.03:935][  0]LogConfig: Setting CVar [[r.Tonemapper.Quality:5]]
[2019.08.11-20.17.03:935][  0]LogConfig: Setting CVar [[r.DOF.Gather.AccumulatorQuality:1        ; higher gathering accumulator quality]]
[2019.08.11-20.17.03:935][  0]LogConfig: Setting CVar [[r.DOF.Gather.PostfilterMethod:1          ; Median3x3 postfilering method]]
[2019.08.11-20.17.03:935][  0]LogConfig: Setting CVar [[r.DOF.Gather.EnableBokehSettings:0       ; no bokeh simulation when gathering]]
[2019.08.11-20.17.03:935][  0]LogConfig: Setting CVar [[r.DOF.Gather.RingCount:4                 ; medium number of samples when gathering]]
[2019.08.11-20.17.03:935][  0]LogConfig: Setting CVar [[r.DOF.Scatter.ForegroundCompositing:1    ; additive foreground scattering]]
[2019.08.11-20.17.03:935][  0]LogConfig: Setting CVar [[r.DOF.Scatter.BackgroundCompositing:2    ; additive background scattering]]
[2019.08.11-20.17.03:935][  0]LogConfig: Setting CVar [[r.DOF.Scatter.EnableBokehSettings:1      ; bokeh simulation when scattering]]
[2019.08.11-20.17.03:935][  0]LogConfig: Setting CVar [[r.DOF.Scatter.MaxSpriteRatio:0.1         ; only a maximum of 10% of scattered bokeh]]
[2019.08.11-20.17.03:935][  0]LogConfig: Setting CVar [[r.DOF.Recombine.Quality:1                ; cheap slight out of focus]]
[2019.08.11-20.17.03:935][  0]LogConfig: Setting CVar [[r.DOF.Recombine.EnableBokehSettings:0    ; no bokeh simulation on slight out of focus]]
[2019.08.11-20.17.03:935][  0]LogConfig: Setting CVar [[r.DOF.TemporalAAQuality:1                ; more stable temporal accumulation]]
[2019.08.11-20.17.03:935][  0]LogConfig: Setting CVar [[r.DOF.Kernel.MaxForegroundRadius:0.025]]
[2019.08.11-20.17.03:936][  0]LogConfig: Setting CVar [[r.DOF.Kernel.MaxBackgroundRadius:0.025]]
[2019.08.11-20.17.03:936][  0]LogConfig: Applying CVar settings from Section [TextureQuality@3] File [C:/Users/Alexandre/Documents/GitHub/UnrealCourse/MyProject/Saved/Config/Windows/Scalability.ini]
[2019.08.11-20.17.03:936][  0]LogConfig: Setting CVar [[r.Streaming.MipBias:0]]
[2019.08.11-20.17.03:936][  0]LogConfig: Setting CVar [[r.Streaming.AmortizeCPUToGPUCopy:0]]
[2019.08.11-20.17.03:936][  0]LogConfig: Setting CVar [[r.Streaming.MaxNumTexturesToStreamPerFrame:0]]
[2019.08.11-20.17.03:936][  0]LogConfig: Setting CVar [[r.Streaming.Boost:1]]
[2019.08.11-20.17.03:936][  0]LogConfig: Setting CVar [[r.MaxAnisotropy:8]]
[2019.08.11-20.17.03:936][  0]LogConfig: Setting CVar [[r.Streaming.LimitPoolSizeToVRAM:0]]
[2019.08.11-20.17.03:936][  0]LogConfig: Setting CVar [[r.Streaming.PoolSize:1000]]
[2019.08.11-20.17.03:936][  0]LogConfig: Setting CVar [[r.Streaming.MaxEffectiveScreenSize:0]]
[2019.08.11-20.17.03:936][  0]LogConfig: Applying CVar settings from Section [EffectsQuality@3] File [C:/Users/Alexandre/Documents/GitHub/UnrealCourse/MyProject/Saved/Config/Windows/Scalability.ini]
[2019.08.11-20.17.03:936][  0]LogConfig: Setting CVar [[r.TranslucencyLightingVolumeDim:64]]
[2019.08.11-20.17.03:937][  0]LogConfig: Setting CVar [[r.RefractionQuality:2]]
[2019.08.11-20.17.03:937][  0]LogConfig: Setting CVar [[r.SSR.Quality:3]]
[2019.08.11-20.17.03:937][  0]LogConfig: Setting CVar [[r.SceneColorFormat:4]]
[2019.08.11-20.17.03:937][  0]LogConfig: Setting CVar [[r.DetailMode:2]]
[2019.08.11-20.17.03:937][  0]LogConfig: Setting CVar [[r.TranslucencyVolumeBlur:1]]
[2019.08.11-20.17.03:937][  0]LogConfig: Setting CVar [[r.MaterialQualityLevel:1 ; High quality]]
[2019.08.11-20.17.03:937][  0]LogConfig: Setting CVar [[r.SSS.Scale:1]]
[2019.08.11-20.17.03:937][  0]LogConfig: Setting CVar [[r.SSS.SampleSet:2]]
[2019.08.11-20.17.03:937][  0]LogConfig: Setting CVar [[r.SSS.Quality:1]]
[2019.08.11-20.17.03:937][  0]LogConfig: Setting CVar [[r.SSS.HalfRes:1]]
[2019.08.11-20.17.03:937][  0]LogConfig: Setting CVar [[r.EmitterSpawnRateScale:1.0]]
[2019.08.11-20.17.03:937][  0]LogConfig: Setting CVar [[r.ParticleLightQuality:2]]
[2019.08.11-20.17.03:937][  0]LogConfig: Applying CVar settings from Section [FoliageQuality@3] File [C:/Users/Alexandre/Documents/GitHub/UnrealCourse/MyProject/Saved/Config/Windows/Scalability.ini]
[2019.08.11-20.17.03:937][  0]LogConfig: Setting CVar [[foliage.DensityScale:1.0]]
[2019.08.11-20.17.03:938][  0]LogConfig: Setting CVar [[grass.DensityScale:1.0]]
[2019.08.11-20.17.03:938][  0]LogInit: Selected Device Profile: [Windows]
[2019.08.11-20.17.03:938][  0]LogInit: Applying CVar settings loaded from the selected device profile: [Windows]
[2019.08.11-20.17.03:963][  0]LogHAL: Display: Platform has ~ 16 GB [17125179392 / 17179869184 / 16], which maps to Larger [LargestMinGB=32, LargerMinGB=12, DefaultMinGB=8, SmallerMinGB=6, SmallestMinGB=0)
[2019.08.11-20.17.03:963][  0]LogConfig: Setting CVar [[r.Vulkan.UseRealUBs:0		; Required until we fix HLR fall-out]]
[2019.08.11-20.17.03:963][  0]LogInit: Going up to parent DeviceProfile []
[2019.08.11-20.17.03:963][  0]LogConfig: Applying CVar settings from Section [ViewDistanceQuality@3] File [C:/Users/Alexandre/Documents/GitHub/UnrealCourse/MyProject/Saved/Config/Windows/Scalability.ini]
[2019.08.11-20.17.03:963][  0]LogConfig: Setting CVar [[r.SkeletalMeshLODBias:0]]
[2019.08.11-20.17.03:964][  0]LogConfig: Setting CVar [[r.ViewDistanceScale:1.0]]
[2019.08.11-20.17.03:964][  0]LogConfig: Applying CVar settings from Section [AntiAliasingQuality@3] File [C:/Users/Alexandre/Documents/GitHub/UnrealCourse/MyProject/Saved/Config/Windows/Scalability.ini]
[2019.08.11-20.17.03:964][  0]LogConfig: Setting CVar [[r.PostProcessAAQuality:4]]
[2019.08.11-20.17.03:964][  0]LogConfig: Applying CVar settings from Section [ShadowQuality@3] File [C:/Users/Alexandre/Documents/GitHub/UnrealCourse/MyProject/Saved/Config/Windows/Scalability.ini]
[2019.08.11-20.17.03:964][  0]LogConfig: Setting CVar [[r.LightFunctionQuality:1]]
[2019.08.11-20.17.03:964][  0]LogConfig: Setting CVar [[r.ShadowQuality:5]]
[2019.08.11-20.17.03:964][  0]LogConfig: Setting CVar [[r.Shadow.CSM.MaxCascades:10]]
[2019.08.11-20.17.03:964][  0]LogConfig: Setting CVar [[r.Shadow.MaxResolution:2048]]
[2019.08.11-20.17.03:964][  0]LogConfig: Setting CVar [[r.Shadow.MaxCSMResolution:2048]]
[2019.08.11-20.17.03:964][  0]LogConfig: Setting CVar [[r.Shadow.RadiusThreshold:0.01]]
[2019.08.11-20.17.03:964][  0]LogConfig: Setting CVar [[r.Shadow.DistanceScale:1.0]]
[2019.08.11-20.17.03:964][  0]LogConfig: Setting CVar [[r.Shadow.CSM.TransitionScale:1.0]]
[2019.08.11-20.17.03:964][  0]LogConfig: Setting CVar [[r.Shadow.PreShadowResolutionFactor:1.0]]
[2019.08.11-20.17.03:964][  0]LogConfig: Setting CVar [[r.DistanceFieldShadowing:1]]
[2019.08.11-20.17.03:964][  0]LogConfig: Setting CVar [[r.DistanceFieldAO:1]]
[2019.08.11-20.17.03:964][  0]LogConfig: Setting CVar [[r.AOQuality:2]]
[2019.08.11-20.17.03:965][  0]LogConfig: Setting CVar [[r.VolumetricFog:1]]
[2019.08.11-20.17.03:965][  0]LogConfig: Setting CVar [[r.VolumetricFog.GridPixelSize:8]]
[2019.08.11-20.17.03:965][  0]LogConfig: Setting CVar [[r.VolumetricFog.GridSizeZ:128]]
[2019.08.11-20.17.03:965][  0]LogConfig: Setting CVar [[r.VolumetricFog.HistoryMissSupersampleCount:4]]
[2019.08.11-20.17.03:965][  0]LogConfig: Setting CVar [[r.LightMaxDrawDistanceScale:1]]
[2019.08.11-20.17.03:965][  0]LogConfig: Setting CVar [[r.CapsuleShadows:1]]
[2019.08.11-20.17.03:965][  0]LogConfig: Applying CVar settings from Section [PostProcessQuality@3] File [C:/Users/Alexandre/Documents/GitHub/UnrealCourse/MyProject/Saved/Config/Windows/Scalability.ini]
[2019.08.11-20.17.03:965][  0]LogConfig: Setting CVar [[r.MotionBlurQuality:4]]
[2019.08.11-20.17.03:965][  0]LogConfig: Setting CVar [[r.AmbientOcclusionMipLevelFactor:0.4]]
[2019.08.11-20.17.03:965][  0]LogConfig: Setting CVar [[r.AmbientOcclusionMaxQuality:100]]
[2019.08.11-20.17.03:965][  0]LogConfig: Setting CVar [[r.AmbientOcclusionLevels:-1]]
[2019.08.11-20.17.03:965][  0]LogConfig: Setting CVar [[r.AmbientOcclusionRadiusScale:1.0]]
[2019.08.11-20.17.03:965][  0]LogConfig: Setting CVar [[r.DepthOfFieldQuality:2]]
[2019.08.11-20.17.03:965][  0]LogConfig: Setting CVar [[r.RenderTargetPoolMin:400]]
[2019.08.11-20.17.03:966][  0]LogConfig: Setting CVar [[r.LensFlareQuality:2]]
[2019.08.11-20.17.03:966][  0]LogConfig: Setting CVar [[r.SceneColorFringeQuality:1]]
[2019.08.11-20.17.03:966][  0]LogConfig: Setting CVar [[r.EyeAdaptationQuality:2]]
[2019.08.11-20.17.03:966][  0]LogConfig: Setting CVar [[r.BloomQuality:5]]
[2019.08.11-20.17.03:966][  0]LogConfig: Setting CVar [[r.FastBlurThreshold:100]]
[2019.08.11-20.17.03:966][  0]LogConfig: Setting CVar [[r.Upscale.Quality:3]]
[2019.08.11-20.17.03:966][  0]LogConfig: Setting CVar [[r.Tonemapper.GrainQuantization:1]]
[2019.08.11-20.17.03:966][  0]LogConfig: Setting CVar [[r.LightShaftQuality:1]]
[2019.08.11-20.17.03:966][  0]LogConfig: Setting CVar [[r.Filter.SizeScale:1]]
[2019.08.11-20.17.03:966][  0]LogConfig: Setting CVar [[r.Tonemapper.Quality:5]]
[2019.08.11-20.17.03:966][  0]LogConfig: Setting CVar [[r.DOF.Gather.AccumulatorQuality:1        ; higher gathering accumulator quality]]
[2019.08.11-20.17.03:966][  0]LogConfig: Setting CVar [[r.DOF.Gather.PostfilterMethod:1          ; Median3x3 postfilering method]]
[2019.08.11-20.17.03:966][  0]LogConfig: Setting CVar [[r.DOF.Gather.EnableBokehSettings:0       ; no bokeh simulation when gathering]]
[2019.08.11-20.17.03:966][  0]LogConfig: Setting CVar [[r.DOF.Gather.RingCount:4                 ; medium number of samples when gathering]]
[2019.08.11-20.17.03:966][  0]LogConfig: Setting CVar [[r.DOF.Scatter.ForegroundCompositing:1    ; additive foreground scattering]]
[2019.08.11-20.17.03:966][  0]LogConfig: Setting CVar [[r.DOF.Scatter.BackgroundCompositing:2    ; additive background scattering]]
[2019.08.11-20.17.03:966][  0]LogConfig: Setting CVar [[r.DOF.Scatter.EnableBokehSettings:1      ; bokeh simulation when scattering]]
[2019.08.11-20.17.03:967][  0]LogConfig: Setting CVar [[r.DOF.Scatter.MaxSpriteRatio:0.1         ; only a maximum of 10% of scattered bokeh]]
[2019.08.11-20.17.03:967][  0]LogConfig: Setting CVar [[r.DOF.Recombine.Quality:1                ; cheap slight out of focus]]
[2019.08.11-20.17.03:967][  0]LogConfig: Setting CVar [[r.DOF.Recombine.EnableBokehSettings:0    ; no bokeh simulation on slight out of focus]]
[2019.08.11-20.17.03:967][  0]LogConfig: Setting CVar [[r.DOF.TemporalAAQuality:1                ; more stable temporal accumulation]]
[2019.08.11-20.17.03:967][  0]LogConfig: Setting CVar [[r.DOF.Kernel.MaxForegroundRadius:0.025]]
[2019.08.11-20.17.03:967][  0]LogConfig: Setting CVar [[r.DOF.Kernel.MaxBackgroundRadius:0.025]]
[2019.08.11-20.17.03:967][  0]LogConfig: Applying CVar settings from Section [TextureQuality@3] File [C:/Users/Alexandre/Documents/GitHub/UnrealCourse/MyProject/Saved/Config/Windows/Scalability.ini]
[2019.08.11-20.17.03:967][  0]LogConfig: Setting CVar [[r.Streaming.MipBias:0]]
[2019.08.11-20.17.03:967][  0]LogConfig: Setting CVar [[r.Streaming.AmortizeCPUToGPUCopy:0]]
[2019.08.11-20.17.03:967][  0]LogConfig: Setting CVar [[r.Streaming.MaxNumTexturesToStreamPerFrame:0]]
[2019.08.11-20.17.03:967][  0]LogConfig: Setting CVar [[r.Streaming.Boost:1]]
[2019.08.11-20.17.03:967][  0]LogConfig: Setting CVar [[r.MaxAnisotropy:8]]
[2019.08.11-20.17.03:967][  0]LogConfig: Setting CVar [[r.Streaming.LimitPoolSizeToVRAM:0]]
[2019.08.11-20.17.03:967][  0]LogConfig: Setting CVar [[r.Streaming.PoolSize:1000]]
[2019.08.11-20.17.03:967][  0]LogConfig: Setting CVar [[r.Streaming.MaxEffectiveScreenSize:0]]
[2019.08.11-20.17.03:967][  0]LogConfig: Applying CVar settings from Section [EffectsQuality@3] File [C:/Users/Alexandre/Documents/GitHub/UnrealCourse/MyProject/Saved/Config/Windows/Scalability.ini]
[2019.08.11-20.17.03:968][  0]LogConfig: Setting CVar [[r.TranslucencyLightingVolumeDim:64]]
[2019.08.11-20.17.03:968][  0]LogConfig: Setting CVar [[r.RefractionQuality:2]]
[2019.08.11-20.17.03:968][  0]LogConfig: Setting CVar [[r.SSR.Quality:3]]
[2019.08.11-20.17.03:968][  0]LogConfig: Setting CVar [[r.SceneColorFormat:4]]
[2019.08.11-20.17.03:968][  0]LogConfig: Setting CVar [[r.DetailMode:2]]
[2019.08.11-20.17.03:968][  0]LogConfig: Setting CVar [[r.TranslucencyVolumeBlur:1]]
[2019.08.11-20.17.03:968][  0]LogConfig: Setting CVar [[r.MaterialQualityLevel:1 ; High quality]]
[2019.08.11-20.17.03:968][  0]LogConfig: Setting CVar [[r.SSS.Scale:1]]
[2019.08.11-20.17.03:968][  0]LogConfig: Setting CVar [[r.SSS.SampleSet:2]]
[2019.08.11-20.17.03:968][  0]LogConfig: Setting CVar [[r.SSS.Quality:1]]
[2019.08.11-20.17.03:968][  0]LogConfig: Setting CVar [[r.SSS.HalfRes:1]]
[2019.08.11-20.17.03:968][  0]LogConfig: Setting CVar [[r.EmitterSpawnRateScale:1.0]]
[2019.08.11-20.17.03:968][  0]LogConfig: Setting CVar [[r.ParticleLightQuality:2]]
[2019.08.11-20.17.03:968][  0]LogConfig: Applying CVar settings from Section [FoliageQuality@3] File [C:/Users/Alexandre/Documents/GitHub/UnrealCourse/MyProject/Saved/Config/Windows/Scalability.ini]
[2019.08.11-20.17.03:968][  0]LogConfig: Setting CVar [[foliage.DensityScale:1.0]]
[2019.08.11-20.17.03:969][  0]LogConfig: Setting CVar [[grass.DensityScale:1.0]]
[2019.08.11-20.17.03:969][  0]LogConfig: Applying CVar settings from Section [Startup] File [../../../Engine/Config/ConsoleVariables.ini]
[2019.08.11-20.17.03:969][  0]LogConfig: Setting CVar [[net.UseAdaptiveNetUpdateFrequency:0]]
[2019.08.11-20.17.03:969][  0]LogConfig: Setting CVar [[p.chaos.AllowCreatePhysxBodies:1]]
[2019.08.11-20.17.03:969][  0]LogConfig: Applying CVar settings from Section [ConsoleVariables] File [C:/Users/Alexandre/Documents/GitHub/UnrealCourse/MyProject/Saved/Config/Windows/Engine.ini]
[2019.08.11-20.17.03:969][  0]LogInit: Computer: DESKTOP-PIVJ3MB
[2019.08.11-20.17.03:969][  0]LogInit: User: Alexandre
[2019.08.11-20.17.03:969][  0]LogInit: CPU Page size=4096, Cores=4
[2019.08.11-20.17.03:969][  0]LogInit: High frequency timer resolution =3.320343 MHz
[2019.08.11-20.17.03:970][  0]LogMemory: Memory total: Physical=15.9GB (16GB approx)
[2019.08.11-20.17.03:970][  0]LogMemory: Platform Memory Stats for Windows
[2019.08.11-20.17.03:970][  0]LogMemory: Process Physical Memory: 97.36 MB used, 97.36 MB peak
[2019.08.11-20.17.03:970][  0]LogMemory: Process Virtual Memory: 88.81 MB used, 88.81 MB peak
[2019.08.11-20.17.03:970][  0]LogMemory: Physical Memory: 5071.85 MB used,  11260.00 MB free, 16331.84 MB total
[2019.08.11-20.17.03:970][  0]LogMemory: Virtual Memory: 4654.23 MB used,  134213072.00 MB free, 134217728.00 MB total
[2019.08.11-20.17.04:281][  0]LogInit: Overriding language with editor language configuration option (en).
[2019.08.11-20.17.04:282][  0]LogInit: Overriding locale with editor locale configuration option (en).
[2019.08.11-20.17.04:560][  0]LogInit: Setting process to per monitor DPI aware
[2019.08.11-20.17.04:679][  0]LogSlate: New Slate User Created.  User Index 0, Is Virtual User: 0
[2019.08.11-20.17.04:679][  0]LogSlate: Slate User Registered.  User Index 0, Is Virtual User: 0
[2019.08.11-20.17.06:470][  0]LogHMD: Failed to initialize OpenVR with code 110
[2019.08.11-20.17.06:470][  0]LogD3D11RHI: D3D11 adapters:
[2019.08.11-20.17.06:576][  0]LogD3D11RHI:    0. 'NVIDIA GeForce GTX 1060 6GB' (Feature Level 11_0)
[2019.08.11-20.17.06:576][  0]LogD3D11RHI:       6052/0/8165 MB DedicatedVideo/DedicatedSystem/SharedSystem, Outputs:2, VendorId:0x10de
[2019.08.11-20.17.06:584][  0]LogD3D11RHI:    1. 'Microsoft Basic Render Driver' (Feature Level 11_0)
[2019.08.11-20.17.06:584][  0]LogD3D11RHI:       0/0/8165 MB DedicatedVideo/DedicatedSystem/SharedSystem, Outputs:0, VendorId:0x1414
[2019.08.11-20.17.06:584][  0]LogD3D11RHI: Chosen D3D11 Adapter: 0
[2019.08.11-20.17.06:591][  0]LogD3D11RHI: Creating new Direct3DDevice
[2019.08.11-20.17.06:592][  0]LogD3D11RHI:     GPU DeviceId: 0x1c03 (for the marketing name, search the web for "GPU Device Id")
[2019.08.11-20.17.06:592][  0]LogWindows: EnumDisplayDevices:
[2019.08.11-20.17.06:592][  0]LogWindows:    0. 'NVIDIA GeForce GTX 1060 6GB' (P:1 D:1)
[2019.08.11-20.17.06:593][  0]LogWindows:    1. 'NVIDIA GeForce GTX 1060 6GB' (P:0 D:1)
[2019.08.11-20.17.06:593][  0]LogWindows:    2. 'NVIDIA GeForce GTX 1060 6GB' (P:0 D:0)
[2019.08.11-20.17.06:594][  0]LogWindows:    3. 'NVIDIA GeForce GTX 1060 6GB' (P:0 D:0)
[2019.08.11-20.17.06:594][  0]LogWindows: DebugString: FoundDriverCount:4 
[2019.08.11-20.17.06:594][  0]LogD3D11RHI:     Adapter Name: NVIDIA GeForce GTX 1060 6GB
[2019.08.11-20.17.06:594][  0]LogD3D11RHI:   Driver Version: 431.36 (internal:26.21.14.3136, unified:431.36)
[2019.08.11-20.17.06:594][  0]LogD3D11RHI:      Driver Date: 7-3-2019
[2019.08.11-20.17.06:594][  0]LogRHI: Texture pool is 4236 MB (70% of 6052 MB)
[2019.08.11-20.17.06:657][  0]LogD3D11RHI: Async texture creation enabled
[2019.08.11-20.17.06:662][  0]LogRendererCore: FGlobalReadBuffer::InitRHI
[2019.08.11-20.17.06:663][  0]LogRendererCore: FGlobalReadBuffer::InitRHI
[2019.08.11-20.17.06:663][  0]LogRendererCore: FGlobalReadBuffer::InitRHI
[2019.08.11-20.17.06:672][  0]LogD3D11RHI: GPU Timing Frequency: 1000.000000 (Debug: 2 1)
[2019.08.11-20.17.07:161][  0]LogTemp: Display: Module 'AllDesktopTargetPlatform' loaded TargetPlatform 'AllDesktop'
[2019.08.11-20.17.07:181][  0]LogTemp: Display: Module 'MacClientTargetPlatform' loaded TargetPlatform 'MacClient'
[2019.08.11-20.17.07:202][  0]LogTemp: Display: Module 'MacNoEditorTargetPlatform' loaded TargetPlatform 'MacNoEditor'
[2019.08.11-20.17.07:221][  0]LogTemp: Display: Module 'MacServerTargetPlatform' loaded TargetPlatform 'MacServer'
[2019.08.11-20.17.07:243][  0]LogTemp: Display: Module 'MacTargetPlatform' loaded TargetPlatform 'Mac'
[2019.08.11-20.17.07:271][  0]LogTemp: Display: Module 'WindowsClientTargetPlatform' loaded TargetPlatform 'WindowsClient'
[2019.08.11-20.17.07:292][  0]LogTemp: Display: Module 'WindowsNoEditorTargetPlatform' loaded TargetPlatform 'WindowsNoEditor'
[2019.08.11-20.17.07:311][  0]LogTemp: Display: Module 'WindowsServerTargetPlatform' loaded TargetPlatform 'WindowsServer'
[2019.08.11-20.17.07:321][  0]LogTemp: Display: Module 'WindowsTargetPlatform' loaded TargetPlatform 'Windows'
[2019.08.11-20.17.07:433][  0]LogTemp: Display: Module 'AndroidTargetPlatform' loaded TargetPlatform 'Android'
[2019.08.11-20.17.07:433][  0]LogTemp: Display: Module 'AndroidTargetPlatform' loaded TargetPlatform 'Android_ASTC'
[2019.08.11-20.17.07:433][  0]LogTemp: Display: Module 'AndroidTargetPlatform' loaded TargetPlatform 'Android_ATC'
[2019.08.11-20.17.07:433][  0]LogTemp: Display: Module 'AndroidTargetPlatform' loaded TargetPlatform 'Android_DXT'
[2019.08.11-20.17.07:433][  0]LogTemp: Display: Module 'AndroidTargetPlatform' loaded TargetPlatform 'Android_ETC1'
[2019.08.11-20.17.07:433][  0]LogTemp: Display: Module 'AndroidTargetPlatform' loaded TargetPlatform 'Android_ETC1a'
[2019.08.11-20.17.07:434][  0]LogTemp: Display: Module 'AndroidTargetPlatform' loaded TargetPlatform 'Android_ETC2'
[2019.08.11-20.17.07:434][  0]LogTemp: Display: Module 'AndroidTargetPlatform' loaded TargetPlatform 'Android_PVRTC'
[2019.08.11-20.17.07:434][  0]LogTemp: Display: Module 'AndroidTargetPlatform' loaded TargetPlatform 'AndroidClient'
[2019.08.11-20.17.07:434][  0]LogTemp: Display: Module 'AndroidTargetPlatform' loaded TargetPlatform 'Android_ASTCClient'
[2019.08.11-20.17.07:434][  0]LogTemp: Display: Module 'AndroidTargetPlatform' loaded TargetPlatform 'Android_ATCClient'
[2019.08.11-20.17.07:434][  0]LogTemp: Display: Module 'AndroidTargetPlatform' loaded TargetPlatform 'Android_DXTClient'
[2019.08.11-20.17.07:434][  0]LogTemp: Display: Module 'AndroidTargetPlatform' loaded TargetPlatform 'Android_ETC1Client'
[2019.08.11-20.17.07:434][  0]LogTemp: Display: Module 'AndroidTargetPlatform' loaded TargetPlatform 'Android_ETC1aClient'
[2019.08.11-20.17.07:434][  0]LogTemp: Display: Module 'AndroidTargetPlatform' loaded TargetPlatform 'Android_ETC2Client'
[2019.08.11-20.17.07:434][  0]LogTemp: Display: Module 'AndroidTargetPlatform' loaded TargetPlatform 'Android_PVRTCClient'
[2019.08.11-20.17.07:434][  0]LogTemp: Display: Module 'AndroidTargetPlatform' loaded TargetPlatform 'Android_Multi'
[2019.08.11-20.17.07:434][  0]LogTemp: Display: Module 'AndroidTargetPlatform' loaded TargetPlatform 'Android_MultiClient'
[2019.08.11-20.17.07:438][  0]LogTemp: Display: Module 'HTML5TargetPlatform' loaded TargetPlatform 'HTML5'
[2019.08.11-20.17.07:506][  0]LogTemp: Display: Module 'IOSTargetPlatform' loaded TargetPlatform 'IOSClient'
[2019.08.11-20.17.07:506][  0]LogTemp: Display: Module 'IOSTargetPlatform' loaded TargetPlatform 'IOS'
[2019.08.11-20.17.07:542][  0]LogTemp: Display: Module 'TVOSTargetPlatform' loaded TargetPlatform 'TVOSClient'
[2019.08.11-20.17.07:542][  0]LogTemp: Display: Module 'TVOSTargetPlatform' loaded TargetPlatform 'TVOS'
[2019.08.11-20.17.07:560][  0]LogTemp: Display: Module 'LinuxClientTargetPlatform' loaded TargetPlatform 'LinuxClient'
[2019.08.11-20.17.07:578][  0]LogTemp: Display: Module 'LinuxNoEditorTargetPlatform' loaded TargetPlatform 'LinuxNoEditor'
[2019.08.11-20.17.07:595][  0]LogTemp: Display: Module 'LinuxServerTargetPlatform' loaded TargetPlatform 'LinuxServer'
[2019.08.11-20.17.07:618][  0]LogTemp: Display: Module 'LinuxTargetPlatform' loaded TargetPlatform 'Linux'
[2019.08.11-20.17.07:675][  0]LogTemp: Display: Module 'LuminTargetPlatform' loaded TargetPlatform 'Lumin'
[2019.08.11-20.17.07:675][  0]LogTemp: Display: Module 'LuminTargetPlatform' loaded TargetPlatform 'LuminClient'
[2019.08.11-20.17.07:675][  0]LogTargetPlatformManager: Display: Building Assets For Windows
[2019.08.11-20.17.07:722][  0]LogAudioDebug: Display: Lib vorbis DLL was dynamically loaded.
[2019.08.11-20.17.07:845][  0]LogShaderCompilers: Guid format shader working directory is -23 characters bigger than the processId version (../../../../../../Users/Alexandre/Documents/GitHub/UnrealCourse/MyProject/Intermediate/Shaders/WorkingDirectory/4020/).
[2019.08.11-20.17.07:846][  0]LogShaderCompilers: Cleaned the shader compiler working directory 'C:/Users/Alexandre/AppData/Local/Temp/UnrealShaderWorkingDir/FBDB3D24417F96742C35B3BA0D52F9BC/'.
[2019.08.11-20.17.07:849][  0]LogXGEController: Cleaning working directory: C:/Users/Alexandre/AppData/Local/Temp/UnrealXGEWorkingDir/
[2019.08.11-20.17.07:850][  0]LogXGEController: Cannot use XGE Controller as Incredibuild is not installed on this machine.
[2019.08.11-20.17.07:850][  0]LogShaderCompilers: Cannot use XGE Shader Compiler as Incredibuild is not installed on this machine.
[2019.08.11-20.17.07:850][  0]LogShaderCompilers: Display: Using Local Shader Compiler.
[2019.08.11-20.17.09:687][  0]LogDerivedDataCache: Display: Max Cache Size: 512 MB
[2019.08.11-20.17.09:769][  0]LogDerivedDataCache: Loaded boot cache 0.08s 71MB C:/Users/Alexandre/AppData/Local/UnrealEngine/4.22/DerivedDataCache/Boot.ddc.
[2019.08.11-20.17.09:770][  0]LogDerivedDataCache: Display: Loaded Boot cache: C:/Users/Alexandre/AppData/Local/UnrealEngine/4.22/DerivedDataCache/Boot.ddc
[2019.08.11-20.17.09:770][  0]LogDerivedDataCache: FDerivedDataBackendGraph:  Pak pak cache file ../../../../../../Users/Alexandre/Documents/GitHub/UnrealCourse/MyProject/DerivedDataCache/DDC.ddp not found, will not use a pak cache.
[2019.08.11-20.17.09:770][  0]LogDerivedDataCache: Unable to find inner node Pak for hierarchical cache Hierarchy.
[2019.08.11-20.17.09:770][  0]LogDerivedDataCache: FDerivedDataBackendGraph:  CompressedPak pak cache file ../../../../../../Users/Alexandre/Documents/GitHub/UnrealCourse/MyProject/DerivedDataCache/Compressed.ddp not found, will not use a pak cache.
[2019.08.11-20.17.09:770][  0]LogDerivedDataCache: Unable to find inner node CompressedPak for hierarchical cache Hierarchy.
[2019.08.11-20.17.09:790][  0]LogDerivedDataCache: Display: Pak cache opened for reading ../../../Engine/DerivedDataCache/Compressed.ddp.
[2019.08.11-20.17.09:790][  0]LogDerivedDataCache: FDerivedDataBackendGraph:  EnterprisePak pak cache file ../../../Enterprise/DerivedDataCache/Compressed.ddp not found, will not use a pak cache.
[2019.08.11-20.17.09:790][  0]LogDerivedDataCache: Unable to find inner node EnterprisePak for hierarchical cache Hierarchy.
[2019.08.11-20.17.09:804][  0]LogDerivedDataCache: Using Local data cache path C:/Users/Alexandre/AppData/Local/UnrealEngine/Common/DerivedDataCache: Writable
[2019.08.11-20.17.09:804][  0]LogDerivedDataCache: Shared data cache path not found in *engine.ini, will not use an Shared cache.
[2019.08.11-20.17.09:804][  0]LogDerivedDataCache: Unable to find inner node Shared for hierarchical cache Hierarchy.
[2019.08.11-20.17.09:844][  0]LogMaterial: Verifying Global Shaders for PCD3D_SM5
[2019.08.11-20.17.09:846][  0]LogSlate: Using FreeType 2.6.0
[2019.08.11-20.17.09:860][  0]LogSlate: SlateFontServices - WITH_FREETYPE: 1, WITH_HARFBUZZ: 1
[2019.08.11-20.17.10:074][  0]LogAssetRegistry: FAssetRegistry took 0.0380 seconds to start up
[2019.08.11-20.17.10:491][  0]LogInit: Selected Device Profile: [Windows]
[2019.08.11-20.17.10:725][  0]LogMeshReduction: Using QuadricMeshReduction for automatic static mesh reduction
[2019.08.11-20.17.10:725][  0]LogMeshReduction: Using SimplygonMeshReduction for automatic skeletal mesh reduction
[2019.08.11-20.17.10:725][  0]LogMeshReduction: Using ProxyLODMeshReduction for automatic mesh merging
[2019.08.11-20.17.10:725][  0]LogMeshReduction: No distributed automatic mesh merging module available
[2019.08.11-20.17.10:725][  0]LogMeshMerging: No distributed automatic mesh merging module available
[2019.08.11-20.17.10:762][  0]LogNetVersion: MyProject 1.0.0, NetCL: 5660361, EngineNetVer: 10, GameNetVer: 0 (Checksum: 2788865488)
[2019.08.11-20.17.11:745][  0]LogPackageLocalizationCache: Processed 10 localized package path(s) for 1 prioritized culture(s) in 0.057844 seconds
[2019.08.11-20.17.11:751][  0]LogUObjectArray: 42205 objects as part of root set at end of initial load.
[2019.08.11-20.17.11:751][  0]LogUObjectAllocator: 7325032 out of 0 bytes used by permanent object pool.
[2019.08.11-20.17.11:752][  0]LogUObjectArray: CloseDisregardForGC: 0/0 objects in disregard for GC pool
[2019.08.11-20.17.14:234][  0]LogTcpMessaging: Initializing TcpMessaging bridge
[2019.08.11-20.17.14:251][  0]LogUdpMessaging: Initializing bridge on interface 0.0.0.0:0 to multicast group 230.0.0.1:6666.
[2019.08.11-20.17.14:506][  0]SourceControl: Source control is disabled
[2019.08.11-20.17.14:507][  0]SourceControl: Source control is disabled
[2019.08.11-20.17.14:510][  0]SourceControl: Source control is disabled
[2019.08.11-20.17.14:513][  0]SourceControl: Source control is disabled
[2019.08.11-20.17.14:677][  0]LogAndroidPermission: UAndroidPermissionCallbackProxy::GetInstance
[2019.08.11-20.17.14:851][  0]LogOcInput: OculusInput pre-init called
[2019.08.11-20.17.15:754][  0]LogEngine: Initializing Engine...
[2019.08.11-20.17.15:755][  0]LogHMD: Failed to initialize OpenVR with code 110
[2019.08.11-20.17.15:756][  0]LogStats: UGameplayTagsManager::InitializeManager -  0.000 s
[2019.08.11-20.17.16:142][  0]LogInit: Initializing FReadOnlyCVARCache
[2019.08.11-20.17.16:161][  0]LogAIModule: Creating AISystem for world Untitled
[2019.08.11-20.17.16:200][  0]LogInit: XAudio2 using 'Alto-falantes (HyperX Cloud Revolver S)' : 2 channels at 48 kHz using 16 bits per sample (channel mask 0x3)
[2019.08.11-20.17.16:224][  0]LogInit: FAudioDevice initialized.
[2019.08.11-20.17.16:224][  0]LogNetVersion: Set ProjectVersion to 1.0.0.0. Version Checksum will be recalculated on next use.
[2019.08.11-20.17.16:366][  0]LogDerivedDataCache: Saved boot cache 0.14s 71MB C:/Users/Alexandre/AppData/Local/UnrealEngine/4.22/DerivedDataCache/Boot.ddc.
[2019.08.11-20.17.16:414][  0]LogInit: Texture streaming: Enabled
[2019.08.11-20.17.16:454][  0]LogEngineSessionManager: EngineSessionManager initialized
[2019.08.11-20.17.16:491][  0]LogInit: Transaction tracking system initialized
[2019.08.11-20.17.16:546][  0]BlueprintLog: New page: Editor Load
[2019.08.11-20.17.16:716][  0]LocalizationService: Localization service is disabled
[2019.08.11-20.17.17:340][  0]LogCook: Display: Max memory allowance for cook 16384mb min free memory 0mb
[2019.08.11-20.17.17:340][  0]LogCook: Display: Mobile HDR setting 1
[2019.08.11-20.17.17:757][  0]LogFileCache: Scanning file cache for directory 'C:/Users/Alexandre/Documents/GitHub/UnrealCourse/MyProject/Content/' took 0.04s
[2019.08.11-20.17.17:758][  0]SourceControl: Source control is disabled
[2019.08.11-20.17.17:758][  0]Cmd: MAP LOAD FILE="../../../../../../Users/Alexandre/Documents/GitHub/UnrealCourse/MyProject/Content/Maps/SunTemple.umap" TEMPLATE=0 SHOWPROGRESS=1 FEATURELEVEL=3
[2019.08.11-20.17.17:759][  0]LightingResults: New page: Lighting Build
[2019.08.11-20.17.17:764][  0]MapCheck: New page: Map Check
[2019.08.11-20.17.17:764][  0]LightingResults: New page: Lighting Build
[2019.08.11-20.17.17:787][  0]LogUObjectHash: Compacting FUObjectHashTables data took   1.97ms
[2019.08.11-20.17.20:653][  0]LogAIModule: Creating AISystem for world SunTemple
[2019.08.11-20.17.20:720][  0]LogEditorServer: Finished looking for orphan Actors (0.000 secs)
[2019.08.11-20.17.20:790][  0]LogUObjectHash: Compacting FUObjectHashTables data took   2.30ms
[2019.08.11-20.17.20:790][  0]Cmd: MAP CHECKDEP NOCLEARLOG
[2019.08.11-20.17.20:790][  0]MapCheck: Map check complete: 0 Error(s), 0 Warning(s), took 0.302ms to complete.
[2019.08.11-20.17.20:791][  0]LogFileHelpers: Loading map 'SunTemple' took 3.033
[2019.08.11-20.17.20:954][  0]LogSlate: Updating window title bar state: overlay mode, drag disabled, window buttons hidden, title bar hidden
[2019.08.11-20.17.20:967][  0]LogSlate: Updating window title bar state: overlay mode, drag disabled, window buttons hidden, title bar hidden
[2019.08.11-20.17.20:977][  0]LogSlate: Updating window title bar state: overlay mode, drag disabled, window buttons hidden, title bar hidden
[2019.08.11-20.17.20:987][  0]LogSlate: Updating window title bar state: overlay mode, drag disabled, window buttons hidden, title bar hidden
[2019.08.11-20.17.21:003][  0]LogCollectionManager: Loaded 0 collections in 0.004265 seconds
[2019.08.11-20.17.21:036][  0]LogFileCache: Scanning file cache for directory 'C:/Users/Alexandre/Documents/GitHub/UnrealCourse/MyProject/Saved/Collections/' took 0.01s
[2019.08.11-20.17.21:036][  0]LogFileCache: Scanning file cache for directory 'C:/Users/Alexandre/Documents/GitHub/UnrealCourse/MyProject/Content/Developers/Alexandre/Collections/' took 0.01s
[2019.08.11-20.17.21:036][  0]LogFileCache: Scanning file cache for directory 'C:/Users/Alexandre/Documents/GitHub/UnrealCourse/MyProject/Content/Collections/' took 0.00s
[2019.08.11-20.17.21:036][  0]LogCollectionManager: Rebuilt the GUID cache for 0 collections in 0.000000 seconds
[2019.08.11-20.17.21:047][  0]LogContentBrowser: Native class hierarchy populated in 0.0105 seconds. Added 2739 classes and 661 folders.
[2019.08.11-20.17.21:056][  0]LogContentBrowser: Native class hierarchy updated for 'WidgetCarousel' in 0.0004 seconds. Added 0 classes and 0 folders.
[2019.08.11-20.17.21:062][  0]LogPakFile: Registered encryption key '00000000000000000000000000000000': 0 pak files mounted, 0 remain pending
[2019.08.11-20.17.21:068][  0]LogPakFile: Registered encryption key '00000000000000000000000000000000': 0 pak files mounted, 0 remain pending
[2019.08.11-20.17.21:083][  0]LogPakFile: Registered encryption key '00000000000000000000000000000000': 0 pak files mounted, 0 remain pending
[2019.08.11-20.17.21:088][  0]LogPakFile: Registered encryption key '00000000000000000000000000000000': 0 pak files mounted, 0 remain pending
[2019.08.11-20.17.21:092][  0]LogPakFile: Registered encryption key '00000000000000000000000000000000': 0 pak files mounted, 0 remain pending
[2019.08.11-20.17.21:097][  0]LogPakFile: Registered encryption key '00000000000000000000000000000000': 0 pak files mounted, 0 remain pending
[2019.08.11-20.17.21:101][  0]LogPakFile: Registered encryption key '00000000000000000000000000000000': 0 pak files mounted, 0 remain pending
[2019.08.11-20.17.21:105][  0]LogPakFile: Registered encryption key '00000000000000000000000000000000': 0 pak files mounted, 0 remain pending
[2019.08.11-20.17.21:110][  0]LogPakFile: Registered encryption key '00000000000000000000000000000000': 0 pak files mounted, 0 remain pending
[2019.08.11-20.17.21:116][  0]LogPakFile: Registered encryption key '00000000000000000000000000000000': 0 pak files mounted, 0 remain pending
[2019.08.11-20.17.21:121][  0]LogPakFile: Registered encryption key '00000000000000000000000000000000': 0 pak files mounted, 0 remain pending
[2019.08.11-20.17.21:126][  0]LogPakFile: Registered encryption key '00000000000000000000000000000000': 0 pak files mounted, 0 remain pending
[2019.08.11-20.17.21:131][  0]LogPakFile: Registered encryption key '00000000000000000000000000000000': 0 pak files mounted, 0 remain pending
[2019.08.11-20.17.21:138][  0]LogPakFile: Registered encryption key '00000000000000000000000000000000': 0 pak files mounted, 0 remain pending
[2019.08.11-20.17.21:144][  0]LogPakFile: Registered encryption key '00000000000000000000000000000000': 0 pak files mounted, 0 remain pending
[2019.08.11-20.17.21:149][  0]LogPakFile: Registered encryption key '00000000000000000000000000000000': 0 pak files mounted, 0 remain pending
[2019.08.11-20.17.21:181][  0]LogPakFile: Registered encryption key '00000000000000000000000000000000': 0 pak files mounted, 0 remain pending
[2019.08.11-20.17.21:186][  0]LogPakFile: Registered encryption key '00000000000000000000000000000000': 0 pak files mounted, 0 remain pending
[2019.08.11-20.17.21:190][  0]LogPakFile: Registered encryption key '00000000000000000000000000000000': 0 pak files mounted, 0 remain pending
[2019.08.11-20.17.21:195][  0]LogPakFile: Registered encryption key '00000000000000000000000000000000': 0 pak files mounted, 0 remain pending
[2019.08.11-20.17.21:199][  0]LogPakFile: Registered encryption key '00000000000000000000000000000000': 0 pak files mounted, 0 remain pending
[2019.08.11-20.17.21:204][  0]LogPakFile: Registered encryption key '00000000000000000000000000000000': 0 pak files mounted, 0 remain pending
[2019.08.11-20.17.21:208][  0]LogPakFile: Registered encryption key '00000000000000000000000000000000': 0 pak files mounted, 0 remain pending
[2019.08.11-20.17.21:212][  0]LogPakFile: Registered encryption key '00000000000000000000000000000000': 0 pak files mounted, 0 remain pending
[2019.08.11-20.17.21:217][  0]LogPakFile: Registered encryption key '00000000000000000000000000000000': 0 pak files mounted, 0 remain pending
[2019.08.11-20.17.21:221][  0]LogPakFile: Registered encryption key '00000000000000000000000000000000': 0 pak files mounted, 0 remain pending
[2019.08.11-20.17.21:362][  0]LogContentBrowser: Native class hierarchy updated for 'AddContentDialog' in 0.0004 seconds. Added 0 classes and 0 folders.
[2019.08.11-20.17.21:374][  0]LogContentBrowser: Native class hierarchy updated for 'SceneOutliner' in 0.0005 seconds. Added 1 classes and 2 folders.
[2019.08.11-20.17.21:575][  0]LogSlate: Took 0.004997 seconds to synchronously load lazily loaded font '../../../Engine/Content/Slate/Fonts/Roboto-Regular.ttf' (155K)
[2019.08.11-20.17.21:582][  0]LogSlate: Took 0.003994 seconds to synchronously load lazily loaded font '../../../Engine/Content/Slate/Fonts/Roboto-Bold.ttf' (160K)
[2019.08.11-20.17.21:594][  0]LogSlate: Took 0.004319 seconds to synchronously load lazily loaded font '../../../Engine/Content/Editor/Slate/Fonts/FontAwesome.ttf' (139K)
[2019.08.11-20.17.21:717][  0]LogRenderer: Reallocating scene render targets to support 1168x600 Format 10 NumSamples 1 (Frame:1).
[2019.08.11-20.17.21:878][  0]LogContentBrowser: Native class hierarchy updated for 'HierarchicalLODOutliner' in 0.0005 seconds. Added 0 classes and 0 folders.
[2019.08.11-20.17.21:878][  0]LogLoad: (Engine Initialization) Total time: 21.01 seconds
[2019.08.11-20.17.21:878][  0]LogLoad: (Engine Initialization) Total Blueprint compile time: 0.00 seconds
[2019.08.11-20.17.21:936][  0]LogAssetRegistry: Asset discovery search completed in 11.8865 seconds
[2019.08.11-20.17.21:940][  0]LogCollectionManager: Rebuilt the object cache for 0 collections in 0.000001 seconds (found 0 objects)
[2019.08.11-20.17.21:940][  0]LogCollectionManager: Fixed up redirectors for 0 collections in 0.000144 seconds (updated 0 objects)
[2019.08.11-20.17.21:941][  0]LogContentStreaming: Texture pool size now 1000 MB
[2019.08.11-20.17.21:981][  0]LogSlate: Took 0.004199 seconds to synchronously load lazily loaded font '../../../Engine/Content/Slate/Fonts/Roboto-Light.ttf' (167K)
[2019.08.11-20.18.41:328][846]LogSlate: FSceneViewport::OnFocusLost() reason 0
[2019.08.11-20.18.41:762][891]LogSlate: Took 0.000280 seconds to synchronously load lazily loaded font '../../../Engine/Content/Slate/Fonts/Roboto-Light.ttf' (167K)
[2019.08.11-20.18.41:771][891]LogAssetEditorManager: Opening Asset editor for Blueprint /Game/GameplayMechanics/FloorSwitch_BP.FloorSwitch_BP
[2019.08.11-20.18.42:108][891]LogContentBrowser: Native class hierarchy updated for 'BlueprintGraph' in 0.0008 seconds. Added 121 classes and 0 folders.
[2019.08.11-20.18.43:237][891]LogSlate: Took 0.000260 seconds to synchronously load lazily loaded font '../../../Engine/Content/Slate/Fonts/Roboto-BoldCondensed.ttf' (158K)
[2019.08.11-20.18.43:299][892]LogSlate: Took 0.000228 seconds to synchronously load lazily loaded font '../../../Engine/Content/Slate/Fonts/Roboto-Italic.ttf' (157K)
[2019.08.11-20.26.04:499][362]BlueprintLog: New page: Compile FloorSwitch_BP
[2019.08.11-20.26.04:737][362]LogUObjectHash: Compacting FUObjectHashTables data took   4.31ms
[2019.08.11-20.27.13:482][512]BlueprintLog: New page: Compile FloorSwitch_BP
[2019.08.11-20.27.13:688][512]LogUObjectHash: Compacting FUObjectHashTables data took   6.44ms
[2019.08.11-20.27.38:869][718]LogUObjectHash: Compacting FUObjectHashTables data took   3.56ms
[2019.08.11-20.27.40:164][718]LogSavePackage: Moving '../../../../../../Users/Alexandre/Documents/GitHub/UnrealCourse/MyProject/Saved/SunTemple_Auto10D64837B4B42402F04B8B0A22CE9AC80.tmp' to '../../../../../../Users/Alexandre/Documents/GitHub/UnrealCourse/MyProject/Saved/Autosaves/Game/Maps/SunTemple_Auto1.umap'
[2019.08.11-20.27.40:175][718]LogFileHelpers: Editor autosave (incl. sublevels) for '/Game/Maps/SunTemple' took 1.348
[2019.08.11-20.27.40:175][718]LogFileHelpers: Editor autosave (incl. sublevels) for all levels took 1.348
[2019.08.11-20.27.40:179][718]OBJ SavePackage: Generating thumbnails for [1] asset(s) in package [/Game/GameplayMechanics/FloorSwitch_BP] ([1] browsable assets)...
[2019.08.11-20.27.40:200][718]OBJ SavePackage:     Rendered thumbnail for [Blueprint /Game/GameplayMechanics/FloorSwitch_BP.FloorSwitch_BP]
[2019.08.11-20.27.40:200][718]OBJ SavePackage: Finished generating thumbnails for package [/Game/GameplayMechanics/FloorSwitch_BP]
[2019.08.11-20.27.40:246][718]LogSavePackage: Moving '../../../../../../Users/Alexandre/Documents/GitHub/UnrealCourse/MyProject/Saved/FloorSwitch_BP_Auto1E49DF0F1479CFD53031204BA37BF1C50.tmp' to '../../../../../../Users/Alexandre/Documents/GitHub/UnrealCourse/MyProject/Saved/Autosaves/Game/GameplayMechanics/FloorSwitch_BP_Auto1.uasset'
[2019.08.11-20.27.40:248][718]LogFileHelpers: Auto-saving content packages took 0.070
[2019.08.11-20.28.32:464][ 36]LogSlate: Window 'FloorSwitch_BP' being destroyed
[2019.08.11-20.28.32:469][ 36]LogSlate: Window 'FloorSwitch_BP' being destroyed
[2019.08.11-20.28.34:465][262]LogUObjectHash: Compacting FUObjectHashTables data took   3.34ms
[2019.08.11-20.28.35:904][262]LogSlate: Window 'Save Content' being destroyed
[2019.08.11-20.28.35:961][262]LogSavePackage: Moving '../../../../../../Users/Alexandre/Documents/GitHub/UnrealCourse/MyProject/Saved/FloorSwitch_BP71904EBD46FDC14D0142FB9E3F6E258D.tmp' to '../../../../../../Users/Alexandre/Documents/GitHub/UnrealCourse/MyProject/Content/GameplayMechanics/FloorSwitch_BP.uasset'
[2019.08.11-20.28.35:999][262]LogUObjectHash: Compacting FUObjectHashTables data took   0.85ms
[2019.08.11-20.28.37:180][262]LogSavePackage: Moving '../../../../../../Users/Alexandre/Documents/GitHub/UnrealCourse/MyProject/Saved/SunTemple87816F804BE6CD1750EDE6AC22EEB231.tmp' to '../../../../../../Users/Alexandre/Documents/GitHub/UnrealCourse/MyProject/Content/Maps/SunTemple.umap'
[2019.08.11-20.28.37:222][262]LogFileHelpers: Saving map 'SunTemple' took 1.253
[2019.08.11-20.28.43:639][282]LogUObjectHash: Compacting FUObjectHashTables data took   3.28ms
[2019.08.11-20.28.45:287][476]LogUObjectHash: Compacting FUObjectHashTables data took   0.74ms
[2019.08.11-20.28.46:862][660]Candidate modules for hot reload:
[2019.08.11-20.28.46:862][660]  MyProject
[2019.08.11-20.28.46:862][660]Launching UnrealBuildTool... [C:/Program Files/Epic Games/UE_4.22/Engine/Binaries/DotNET/UnrealBuildTool.exe  -ModuleWithSuffix=MyProject,5858 Win64 Development -TargetType=Editor -Project="C:/Users/Alexandre/Documents/GitHub/UnrealCourse/MyProject/MyProject.uproject" "C:/Users/Alexandre/Documents/GitHub/UnrealCourse/MyProject/MyProject.uproject"  -IgnoreJunk]
[2019.08.11-20.28.47:093][660]Warning: Starting HotReload took  0.3s.
[2019.08.11-20.29.02:470][339]CompilerResultsLog: New page: Compilation - Aug 11, 2019, 2:29:02 PM
[2019.08.11-20.29.02:470][339]CompilerResultsLog: Using 'git status' to determine working set for adaptive non-unity build (C:\Users\Alexandre\Documents\GitHub\UnrealCourse).
[2019.08.11-20.29.02:470][339]CompilerResultsLog: Creating makefile for MyProjectEditor (ini files are newer than makefile)
[2019.08.11-20.29.02:470][339]CompilerResultsLog: Parsing headers for MyProjectEditor
[2019.08.11-20.29.02:471][339]CompilerResultsLog:   Running UnrealHeaderTool "C:\Users\Alexandre\Documents\GitHub\UnrealCourse\MyProject\MyProject.uproject" "C:\Users\Alexandre\Documents\GitHub\UnrealCourse\MyProject\Intermediate\Build\Win64\MyProjectEditor\Development\MyProjectEditor.uhtmanifest" -LogCmds="loginit warning, logexit warning, logdatabase error" -Unattended -WarningsAsErrors -installed
[2019.08.11-20.29.02:471][339]CompilerResultsLog: Reflection code generated for MyProjectEditor in 7,8917879 seconds
[2019.08.11-20.29.02:471][339]CompilerResultsLog: Failed to delete file 'C:\Users\Alexandre\Documents\GitHub\UnrealCourse\MyProject\Binaries\Win64\UE4Editor-MyProject.pdb'
[2019.08.11-20.29.02:471][339]CompilerResultsLog:     Exception: O acesso ao caminho 'C:\Users\Alexandre\Documents\GitHub\UnrealCourse\MyProject\Binaries\Win64\UE4Editor-MyProject.pdb' foi negado.
[2019.08.11-20.29.02:471][339]CompilerResultsLog: Attempting to retry...
[2019.08.11-20.29.02:471][339]CompilerResultsLog: Failed to delete file 'C:\Users\Alexandre\Documents\GitHub\UnrealCourse\MyProject\Binaries\Win64\UE4Editor-MyProject.pdb'
[2019.08.11-20.29.02:471][339]CompilerResultsLog:     Exception: O acesso ao caminho 'C:\Users\Alexandre\Documents\GitHub\UnrealCourse\MyProject\Binaries\Win64\UE4Editor-MyProject.pdb' foi negado.
[2019.08.11-20.29.02:472][339]CompilerResultsLog: Attempting to retry...
[2019.08.11-20.29.02:472][339]CompilerResultsLog: Failed to delete file 'C:\Users\Alexandre\Documents\GitHub\UnrealCourse\MyProject\Binaries\Win64\UE4Editor-MyProject.pdb'
[2019.08.11-20.29.02:472][339]CompilerResultsLog:     Exception: O acesso ao caminho 'C:\Users\Alexandre\Documents\GitHub\UnrealCourse\MyProject\Binaries\Win64\UE4Editor-MyProject.pdb' foi negado.
[2019.08.11-20.29.02:472][339]CompilerResultsLog: ERROR: Exhausted all retries!
[2019.08.11-20.29.02:472][339]CompilerResultsLog: Using Visual Studio 2017 14.16.27023 toolchain (C:\Program Files (x86)\Microsoft Visual Studio\2017\Community\VC\Tools\MSVC\14.16.27023) and Windows 10.0.17763.0 SDK (C:\Program Files (x86)\Windows Kits\10).
[2019.08.11-20.29.02:472][339]CompilerResultsLog: Building 6 actions with 8 processes...
[2019.08.11-20.29.02:472][339]CompilerResultsLog:   [1/6] MyProject.init.gen.cpp
[2019.08.11-20.29.02:472][339]CompilerResultsLog:   [2/6] FloorSwitch.cpp
[2019.08.11-20.29.02:472][339]CompilerResultsLog:   [3/6] FloorSwitch.gen.cpp
[2019.08.11-20.29.02:473][339]CompilerResultsLog:   [4/6] UE4Editor-MyProject-5858.lib
[2019.08.11-20.29.02:473][339]CompilerResultsLog:      Criando biblioteca C:\Users\Alexandre\Documents\GitHub\UnrealCourse\MyProject\Intermediate\Build\Win64\UE4Editor\Development\MyProject\UE4Editor-MyProject-5858.lib e objeto C:\Users\Alexandre\Documents\GitHub\UnrealCourse\MyProject\Intermediate\Build\Win64\UE4Editor\Development\MyProject\UE4Editor-MyProject-5858.exp
[2019.08.11-20.29.02:473][339]CompilerResultsLog:   [5/6] UE4Editor-MyProject-5858.dll
[2019.08.11-20.29.02:473][339]CompilerResultsLog:      Criando biblioteca C:\Users\Alexandre\Documents\GitHub\UnrealCourse\MyProject\Intermediate\Build\Win64\UE4Editor\Development\MyProject\UE4Editor-MyProject-5858.suppressed.lib e objeto C:\Users\Alexandre\Documents\GitHub\UnrealCourse\MyProject\Intermediate\Build\Win64\UE4Editor\Development\MyProject\UE4Editor-MyProject-5858.suppressed.exp
[2019.08.11-20.29.02:473][339]CompilerResultsLog:   [6/6] MyProjectEditor.target
[2019.08.11-20.29.02:473][339]CompilerResultsLog: Total time in Parallel executor: 2,44 seconds
[2019.08.11-20.29.02:473][339]CompilerResultsLog: Total execution time: 15,07 seconds
[2019.08.11-20.29.02:473][339]LogMainFrame: MainFrame: Module compiling took 15.615 seconds
[2019.08.11-20.29.02:498][339]LogUObjectHash: Compacting FUObjectHashTables data took   0.78ms
[2019.08.11-20.29.02:499][339]LogBlueprintActionDatabase: Requesting refresh due to module change: MyProject (unloaded)
[2019.08.11-20.29.02:538][339]LogClass: Could not find existing class FloorSwitch in package /Script/MyProject for HotReload, assuming new class
[2019.08.11-20.29.02:538][339]LogClass: Function OnOverlapBegin is new.
[2019.08.11-20.29.02:538][339]LogClass: Function OnOverlapEnd is new.
[2019.08.11-20.29.02:538][339]LogClass: Function UpdateDoorLocation is new.
[2019.08.11-20.29.02:556][339]LogHotReload: Re-instancing FloorSwitch after hot-reload.
[2019.08.11-20.29.02:885][339]LogBlueprintActionDatabase: Requesting refresh due to module change: MyProject (loaded)
[2019.08.11-20.29.02:886][339]LogContentBrowser: Native class hierarchy updated for 'MyProject' in 0.0011 seconds. Added 7 classes and 2 folders.
[2019.08.11-20.29.02:893][339]Display: HotReload successful (1 functions remapped  0 scriptstructs remapped)
[2019.08.11-20.29.03:083][339]LogUObjectHash: Compacting FUObjectHashTables data took   3.56ms
[2019.08.11-20.29.03:085][339]LogBlueprintActionDatabase: Requesting refresh due to hot reload
[2019.08.11-20.29.03:103][339]LogContentBrowser: Native class hierarchy populated in 0.0098 seconds. Added 2740 classes and 663 folders.
[2019.08.11-20.29.03:105][339]Display: HotReload took 16.3s.
[2019.08.11-20.29.34:678][899]LogAssetEditorManager: Opening Asset editor for Blueprint /Game/GameplayMechanics/FloorSwitch_BP.FloorSwitch_BP
[2019.08.11-20.31.10:762][566]BlueprintLog: New page: Compile FloorSwitch_BP
[2019.08.11-20.31.11:067][566]LogUObjectHash: Compacting FUObjectHashTables data took   8.87ms
[2019.08.11-20.31.12:048][664]LogSavePackage: Moving '../../../../../../Users/Alexandre/Documents/GitHub/UnrealCourse/MyProject/Saved/FloorSwitch_BP106922324C08E2336AD906B9769A28BC.tmp' to '../../../../../../Users/Alexandre/Documents/GitHub/UnrealCourse/MyProject/Content/GameplayMechanics/FloorSwitch_BP.uasset'
[2019.08.11-20.31.13:299][796]LogSlate: Window 'FloorSwitch_BP' being destroyed
[2019.08.11-20.31.13:302][796]LogSlate: Window 'FloorSwitch_BP' being destroyed
